<?xml version="1.0" encoding="UTF-8"?>
<!-- Generated by org.testng.reporters.JUnitXMLReporter -->
<testsuite ignored="2" hostname="DESKTOP-58UFGNN" failures="0" tests="6" name="Test Runner-firefox" time="192.51" errors="0" timestamp="2024-05-04T16:03:51 IST">
  <testcase classname="com.comcat.crm.contacttest.CreateContactTest" name="CreateContactWithOrgTest" time="35.657"/>
  <testcase classname="com.comcat.crm.contacttest.CreateContactTest" name="CreateContactWithSupportDateTest" time="15.186"/>
  <testcase classname="com.comcat.crm.contacttest.CreateContactTest" name="createContactTest" time="15.319"/>
  <testcase classname="com.comcat.crm.orgtest.CreateOrganizationtest" name="createOrgWithPhoneNumtest" time="17.059"/>
  <testcase classname="com.comcat.crm.orgtest.CreateOrganizationtest" name="createOrganizationtest" time="31.633"/>
  <testcase classname="com.comcat.crm.orgtest.CreateOrganizationtest" name="createorganizationWithINdustest" time="16.002"/>
  <testcase classname="com.crm.comcast.BaseClass.BaseClass" name="@BeforeSuite configBS" time="0.0">
    <ignored/>
  </testcase> <!-- @BeforeSuite configBS -->
  <testcase classname="com.crm.comcast.BaseClass.BaseClass" name="@AfterSuite configAS" time="0.0">
    <ignored/>
  </testcase> <!-- @AfterSuite configAS -->
</testsuite> <!-- Test Runner-firefox -->
