<?xml version="1.0" encoding="UTF-8"?>
<!-- Generated by org.testng.reporters.JUnitXMLReporter -->
<testsuite ignored="2" hostname="DESKTOP-58UFGNN" failures="0" tests="6" name="Test Runner-chrome" time="179.506" errors="0" timestamp="2024-05-04T16:03:38 IST">
  <testcase classname="com.comcat.crm.contacttest.CreateContactTest" name="CreateContactWithOrgTest" time="39.041"/>
  <testcase classname="com.comcat.crm.contacttest.CreateContactTest" name="CreateContactWithSupportDateTest" time="17.289"/>
  <testcase classname="com.comcat.crm.contacttest.CreateContactTest" name="createContactTest" time="13.625"/>
  <testcase classname="com.comcat.crm.orgtest.CreateOrganizationtest" name="createOrgWithPhoneNumtest" time="17.172"/>
  <testcase classname="com.comcat.crm.orgtest.CreateOrganizationtest" name="createOrganizationtest" time="34.699"/>
  <testcase classname="com.comcat.crm.orgtest.CreateOrganizationtest" name="createorganizationWithINdustest" time="16.048"/>
  <testcase classname="com.crm.comcast.BaseClass.BaseClass" name="@AfterSuite configAS" time="0.0">
    <ignored/>
  </testcase> <!-- @AfterSuite configAS -->
  <testcase classname="com.crm.comcast.BaseClass.BaseClass" name="@BeforeSuite configBS" time="0.0">
    <ignored/>
  </testcase> <!-- @BeforeSuite configBS -->
</testsuite> <!-- Test Runner-chrome -->
