<?xml version="1.0" encoding="UTF-8"?>
<!-- Generated by org.testng.reporters.JUnitXMLReporter -->
<testsuite ignored="2" hostname="DESKTOP-58UFGNN" failures="1" tests="1" name="Test" time="35.411" errors="0" timestamp="2024-05-10T16:26:28 IST">
  <testcase classname="com.comcat.crm.contacttest.CreateContactTest" name="createContactTest" time="11.042">
    <failure type="java.lang.AssertionError" message="expected [DG458] but found [[ CON77 ] DG458 - Contact Information]">
      <![CDATA[java.lang.AssertionError: expected [DG458] but found [[ CON77 ] DG458 - Contact Information]
at com.comcat.crm.contacttest.CreateContactTest.createContactTest(CreateContactTest.java:51)
at java.base/java.util.ArrayList.forEach(ArrayList.java:1511)
... Removed 33 stack frames]]>
    </failure>
  </testcase> <!-- createContactTest -->
  <testcase classname="com.comcat.crm.contacttest.CreateContactTest" name="CreateContactWithSupportDateTest" time="0.0">
    <ignored/>
  </testcase> <!-- CreateContactWithSupportDateTest -->
  <testcase classname="com.comcat.crm.contacttest.CreateContactTest" name="CreateContactWithOrgTest" time="0.0">
    <ignored/>
  </testcase> <!-- CreateContactWithOrgTest -->
</testsuite> <!-- Test -->
